[SYS] [08:18:39.662] 系统启动...
[ERR] [08:18:42.147] DMC3800(0)列表找不到ID为0的板卡!
[ERR] [08:18:42.153] 板卡初始化失败!
[ERR] [08:18:45.033] 黄色塔灯(9/DMC3800(0)) 对应板卡DMC3800(0)未初始化!
[SYS] [08:19:50.950] 系统启动...
[ERR] [08:19:53.322] DMC3800(0)列表找不到ID为0的板卡!
[ERR] [08:19:53.331] 板卡初始化失败!
[ERR] [08:19:55.954] 黄色塔灯(9/DMC3800(0)) 对应板卡DMC3800(0)未初始化!
[SYS] [08:21:33.574] 系统启动...
[ERR] [08:21:36.073] DMC3800(0)列表找不到ID为0的板卡!
[ERR] [08:21:36.085] 板卡初始化失败!
[ERR] [08:21:38.620] 黄色塔灯(9/DMC3800(0)) 对应板卡DMC3800(0)未初始化!
[ERR] [08:21:38.621] 绿色塔灯(10/DMC3800(0)) 对应板卡DMC3800(0)未初始化!
[ERR] [08:21:42.971] 上料X(0/5) 对应板卡DMC3800(0)未初始化!
[ERR] [08:21:42.975] 上料Y(1/5) 对应板卡DMC3800(0)未初始化!
[ERR] [08:21:42.976] 上料Z(2/5) 对应板卡DMC3800(0)未初始化!
[ERR] [08:21:42.976] 上料U2(3/5) 对应板卡DMC3800(0)未初始化!
[ERR] [08:21:42.977] 上料U1(4/5) 对应板卡DMC3800(0)未初始化!
[ERR] [08:21:42.978] 供料X(5/5) 对应板卡DMC3800(0)未初始化!
[SYS] [08:22:08.027] 系统启动...
[ERR] [08:22:10.304] DMC3800(0)列表找不到ID为0的板卡!
[ERR] [08:22:10.308] 板卡初始化失败!
[ERR] [08:22:12.637] 黄色塔灯(9/DMC3800(0)) 对应板卡DMC3800(0)未初始化!
[ERR] [08:22:12.639] 绿色塔灯(10/DMC3800(0)) 对应板卡DMC3800(0)未初始化!
[ERR] [08:22:27.004] 上料X(0/5) 对应板卡DMC3800(0)未初始化!
[ERR] [08:22:27.008] 上料Y(1/5) 对应板卡DMC3800(0)未初始化!
[ERR] [08:22:27.008] 上料Z(2/5) 对应板卡DMC3800(0)未初始化!
[ERR] [08:22:27.009] 上料U2(3/5) 对应板卡DMC3800(0)未初始化!
[ERR] [08:22:27.009] 上料U1(4/5) 对应板卡DMC3800(0)未初始化!
[ERR] [08:22:27.010] 供料X(5/5) 对应板卡DMC3800(0)未初始化!
[SYS] [08:25:19.826] 系统启动...
[ERR] [08:25:22.263] DMC3800(0)列表找不到ID为0的板卡!
[ERR] [08:25:22.268] 板卡初始化失败!
[ERR] [08:25:23.023] 黄色塔灯(9/DMC3800(0)) 对应板卡DMC3800(0)未初始化!
[ERR] [08:25:23.024] 绿色塔灯(10/DMC3800(0)) 对应板卡DMC3800(0)未初始化!
[ERR] [08:25:27.148] 上料X(0/5) 对应板卡DMC3800(0)未初始化!
[ERR] [08:25:27.152] 上料Y(1/5) 对应板卡DMC3800(0)未初始化!
[ERR] [08:25:27.153] 上料Z(2/5) 对应板卡DMC3800(0)未初始化!
[ERR] [08:25:27.153] 上料U2(3/5) 对应板卡DMC3800(0)未初始化!
[ERR] [08:25:27.153] 上料U1(4/5) 对应板卡DMC3800(0)未初始化!
[ERR] [08:25:27.154] 供料X(5/5) 对应板卡DMC3800(0)未初始化!
[ERR] [08:25:27.155] 供料Z(6/5) 对应板卡DMC3800(0)未初始化!
[ERR] [08:28:21.891] 上料Z轴复位(0/DMC3800(0)) 对应板卡DMC3800(0)未初始化!
[ERR] [08:28:21.891] 上料吸头真空1(5/DMC3800(0)) 对应板卡DMC3800(0)未初始化!
[ERR] [08:28:21.891] 上料吸头真空2(4/DMC3800(0)) 对应板卡DMC3800(0)未初始化!
[ERR] [08:28:21.891] 上料吸头破真空1(7/DMC3800(0)) 对应板卡DMC3800(0)未初始化!
[ERR] [08:28:21.891] 上料吸头破真空2(6/DMC3800(0)) 对应板卡DMC3800(0)未初始化!
[ERR] [08:28:21.891] 供料料盘夹紧(1/DMC3800(0)) 对应板卡DMC3800(0)未初始化!
[ERR] [08:28:21.891] 红色塔灯(8/DMC3800(0)) 对应板卡DMC3800(0)未初始化!
[ERR] [08:28:21.891] 蜂鸣器(8/DMC3800(0)) 对应板卡DMC3800(0)未初始化!
[ERR] [08:28:21.891] 相机2触发(13/DMC3800(0)) 对应板卡DMC3800(0)未初始化!
[ERR] [08:28:21.891] 下相机触发(15/DMC3800(0)) 对应板卡DMC3800(0)未初始化!
[ERR] [08:28:21.891] 相机1触发(14/DMC3800(0)) 对应板卡DMC3800(0)未初始化!
[ERR] [08:28:21.891] OK料盘夹紧(2/DMC3800(0)) 对应板卡DMC3800(0)未初始化!
[SYS] [08:34:59.553] 系统启动...
[ERR] [08:35:02.152] DMC3800(0)列表找不到ID为0的板卡!
[ERR] [08:35:02.158] 板卡初始化失败!
[ERR] [08:35:02.783] 黄色塔灯(9/DMC3800(0)) 对应板卡DMC3800(0)未初始化!
[ERR] [08:35:02.784] 绿色塔灯(10/DMC3800(0)) 对应板卡DMC3800(0)未初始化!
[ERR] [08:36:17.508] 上料X(0/5) 对应板卡DMC3800(0)未初始化!
[ERR] [08:36:17.512] 上料Y(1/5) 对应板卡DMC3800(0)未初始化!
[ERR] [08:36:17.512] 上料Z(2/5) 对应板卡DMC3800(0)未初始化!
[ERR] [08:36:17.512] 上料U2(3/5) 对应板卡DMC3800(0)未初始化!
[ERR] [08:36:17.512] 上料U1(4/5) 对应板卡DMC3800(0)未初始化!
[ERR] [08:36:17.513] 供料X(5/5) 对应板卡DMC3800(0)未初始化!
[SYS] [08:43:25.243] 系统启动...
[ERR] [08:43:27.486] DMC3800(0)列表找不到ID为0的板卡!
[ERR] [08:43:27.495] 板卡初始化失败!
[ERR] [08:43:28.247] 黄色塔灯(9/DMC3800(0)) 对应板卡DMC3800(0)未初始化!
[ERR] [08:43:28.248] 绿色塔灯(10/DMC3800(0)) 对应板卡DMC3800(0)未初始化!
[ERR] [08:50:42.459] 上料X(0/5) 对应板卡DMC3800(0)未初始化!
[ERR] [08:50:42.463] 上料Y(1/5) 对应板卡DMC3800(0)未初始化!
[ERR] [08:50:42.463] 上料Z(2/5) 对应板卡DMC3800(0)未初始化!
[ERR] [08:50:42.464] 上料U2(3/5) 对应板卡DMC3800(0)未初始化!
[ERR] [08:50:42.464] 上料U1(4/5) 对应板卡DMC3800(0)未初始化!
[ERR] [08:50:42.465] 供料X(5/5) 对应板卡DMC3800(0)未初始化!
[ERR] [08:50:42.466] 供料Z(6/5) 对应板卡DMC3800(0)未初始化!
[ERR] [08:51:05.291] 上料Z轴复位(0/DMC3800(0)) 对应板卡DMC3800(0)未初始化!
[ERR] [08:51:05.291] 上料吸头真空1(5/DMC3800(0)) 对应板卡DMC3800(0)未初始化!
[ERR] [08:51:05.291] 上料吸头真空2(4/DMC3800(0)) 对应板卡DMC3800(0)未初始化!
[ERR] [08:51:05.291] 上料吸头破真空1(7/DMC3800(0)) 对应板卡DMC3800(0)未初始化!
[ERR] [08:51:05.291] 上料吸头破真空2(6/DMC3800(0)) 对应板卡DMC3800(0)未初始化!
[ERR] [08:51:05.291] 供料料盘夹紧(1/DMC3800(0)) 对应板卡DMC3800(0)未初始化!
[ERR] [08:51:05.291] 红色塔灯(8/DMC3800(0)) 对应板卡DMC3800(0)未初始化!
[ERR] [08:51:05.291] 蜂鸣器(8/DMC3800(0)) 对应板卡DMC3800(0)未初始化!
[ERR] [08:51:05.291] 相机2触发(13/DMC3800(0)) 对应板卡DMC3800(0)未初始化!
[ERR] [08:51:05.291] 下相机触发(15/DMC3800(0)) 对应板卡DMC3800(0)未初始化!
[ERR] [08:51:05.291] 相机1触发(14/DMC3800(0)) 对应板卡DMC3800(0)未初始化!
[ERR] [08:51:05.291] OK料盘夹紧(2/DMC3800(0)) 对应板卡DMC3800(0)未初始化!
[ERR] [08:51:05.291] NG料盘夹紧(3/DMC3800(0)) 对应板卡DMC3800(0)未初始化!
[ERR] [08:51:10.291] 急停键（上料）(0/DMC3800(0)) 对应板卡DMC3800(0)未初始化!
[ERR] [08:51:10.291] 上料Z轴复位完成(1/DMC3800(0)) 对应板卡DMC3800(0)未初始化!
[ERR] [08:51:10.291] 上料吸头真空感应1(11/DMC3800(0)) 对应板卡DMC3800(0)未初始化!
[ERR] [08:51:10.291] 上料吸头真空感应2(12/DMC3800(0)) 对应板卡DMC3800(0)未初始化!
[ERR] [08:51:10.291] 供料盘夹紧感应(6/DMC3800(0)) 对应板卡DMC3800(0)未初始化!
[ERR] [08:51:10.291] 开始键(2/DMC3800(0)) 对应板卡DMC3800(0)未初始化!
[ERR] [08:51:10.291] 停止键(4/DMC3800(0)) 对应板卡DMC3800(0)未初始化!
[ERR] [08:51:10.291] 复位键(3/DMC3800(0)) 对应板卡DMC3800(0)未初始化!
[ERR] [08:51:10.291] OK料盘夹紧感应(8/DMC3800(0)) 对应板卡DMC3800(0)未初始化!
[ERR] [08:51:10.291] NG料盘夹紧感应(10/DMC3800(0)) 对应板卡DMC3800(0)未初始化!
[ERR] [08:51:10.291] 供料仓有料感应(13/DMC3800(0)) 对应板卡DMC3800(0)未初始化!
[ERR] [08:51:10.291] OK料仓有料感应(14/DMC3800(0)) 对应板卡DMC3800(0)未初始化!
[SYS] [08:53:06.825] 系统启动...
[ERR] [08:53:09.220] DMC3800(0)列表找不到ID为0的板卡!
[ERR] [08:53:09.223] 板卡初始化失败!
[ERR] [08:53:09.909] 黄色塔灯(9/DMC3800(0)) 对应板卡DMC3800(0)未初始化!
[ERR] [08:53:09.910] 绿色塔灯(10/DMC3800(0)) 对应板卡DMC3800(0)未初始化!
[ERR] [08:53:12.573] 上料X(0/5) 对应板卡DMC3800(0)未初始化!
[ERR] [08:53:12.576] 上料Y(1/5) 对应板卡DMC3800(0)未初始化!
[ERR] [08:53:12.577] 上料Z(2/5) 对应板卡DMC3800(0)未初始化!
[ERR] [08:53:12.577] 上料U2(3/5) 对应板卡DMC3800(0)未初始化!
[ERR] [08:53:12.577] 上料U1(4/5) 对应板卡DMC3800(0)未初始化!
[ERR] [08:53:12.578] 供料X(5/5) 对应板卡DMC3800(0)未初始化!
[ERR] [08:53:12.579] 供料Z(6/5) 对应板卡DMC3800(0)未初始化!
[ERR] [08:53:15.061] 上料Z轴复位(0/DMC3800(0)) 对应板卡DMC3800(0)未初始化!
[ERR] [08:53:15.061] 上料吸头真空1(5/DMC3800(0)) 对应板卡DMC3800(0)未初始化!
[ERR] [08:53:15.061] 上料吸头真空2(4/DMC3800(0)) 对应板卡DMC3800(0)未初始化!
[ERR] [08:53:15.061] 上料吸头破真空1(7/DMC3800(0)) 对应板卡DMC3800(0)未初始化!
[ERR] [08:53:15.061] 上料吸头破真空2(6/DMC3800(0)) 对应板卡DMC3800(0)未初始化!
[ERR] [08:53:15.061] 供料料盘夹紧(1/DMC3800(0)) 对应板卡DMC3800(0)未初始化!
[ERR] [08:53:15.061] 红色塔灯(8/DMC3800(0)) 对应板卡DMC3800(0)未初始化!
[ERR] [08:53:15.061] 蜂鸣器(8/DMC3800(0)) 对应板卡DMC3800(0)未初始化!
[ERR] [08:53:15.061] 相机2触发(13/DMC3800(0)) 对应板卡DMC3800(0)未初始化!
[ERR] [08:53:15.061] 下相机触发(15/DMC3800(0)) 对应板卡DMC3800(0)未初始化!
[ERR] [08:53:15.061] 相机1触发(14/DMC3800(0)) 对应板卡DMC3800(0)未初始化!
[ERR] [08:53:15.061] OK料盘夹紧(2/DMC3800(0)) 对应板卡DMC3800(0)未初始化!
[ERR] [08:53:15.061] NG料盘夹紧(3/DMC3800(0)) 对应板卡DMC3800(0)未初始化!
[ERR] [08:53:23.035] 急停键（上料）(0/DMC3800(0)) 对应板卡DMC3800(0)未初始化!
[ERR] [08:53:23.035] 上料Z轴复位完成(1/DMC3800(0)) 对应板卡DMC3800(0)未初始化!
[ERR] [08:53:23.035] 上料吸头真空感应1(11/DMC3800(0)) 对应板卡DMC3800(0)未初始化!
[ERR] [08:53:23.035] 上料吸头真空感应2(12/DMC3800(0)) 对应板卡DMC3800(0)未初始化!
[ERR] [08:53:23.035] 供料盘夹紧感应(6/DMC3800(0)) 对应板卡DMC3800(0)未初始化!
[ERR] [08:53:23.035] 开始键(2/DMC3800(0)) 对应板卡DMC3800(0)未初始化!
[ERR] [08:53:23.035] 停止键(4/DMC3800(0)) 对应板卡DMC3800(0)未初始化!
[ERR] [08:53:23.035] 复位键(3/DMC3800(0)) 对应板卡DMC3800(0)未初始化!
[ERR] [08:53:23.035] OK料盘夹紧感应(8/DMC3800(0)) 对应板卡DMC3800(0)未初始化!
[ERR] [08:53:23.035] NG料盘夹紧感应(10/DMC3800(0)) 对应板卡DMC3800(0)未初始化!
[ERR] [08:53:23.035] 供料仓有料感应(13/DMC3800(0)) 对应板卡DMC3800(0)未初始化!
[ERR] [08:53:23.035] OK料仓有料感应(14/DMC3800(0)) 对应板卡DMC3800(0)未初始化!
[SYS] [16:17:27.912] 系统启动...
[ERR] [16:17:30.303] DMC3800(0)列表找不到ID为0的板卡!
[ERR] [16:17:30.313] 板卡初始化失败!
[ERR] [16:17:30.966] 黄色塔灯(9/DMC3800(0)) 对应板卡DMC3800(0)未初始化!
[ERR] [16:17:30.967] 绿色塔灯(10/DMC3800(0)) 对应板卡DMC3800(0)未初始化!
[ERR] [16:17:49.684] 上料X(0/5) 对应板卡DMC3800(0)未初始化!
[ERR] [16:17:49.689] 上料Y(1/5) 对应板卡DMC3800(0)未初始化!
[ERR] [16:17:49.689] 上料Z(2/5) 对应板卡DMC3800(0)未初始化!
[ERR] [16:17:49.690] 上料U2(3/5) 对应板卡DMC3800(0)未初始化!
[ERR] [16:17:49.690] 上料U1(4/5) 对应板卡DMC3800(0)未初始化!
[ERR] [16:17:49.691] 供料X(5/5) 对应板卡DMC3800(0)未初始化!
[ERR] [16:17:49.692] 供料Z(6/5) 对应板卡DMC3800(0)未初始化!
[ERR] [16:17:51.434] 上料Z轴复位(0/DMC3800(0)) 对应板卡DMC3800(0)未初始化!
[ERR] [16:17:51.434] 上料吸头真空1(5/DMC3800(0)) 对应板卡DMC3800(0)未初始化!
[ERR] [16:17:51.434] 上料吸头真空2(4/DMC3800(0)) 对应板卡DMC3800(0)未初始化!
[ERR] [16:17:51.434] 上料吸头破真空1(7/DMC3800(0)) 对应板卡DMC3800(0)未初始化!
[ERR] [16:17:51.434] 上料吸头破真空2(6/DMC3800(0)) 对应板卡DMC3800(0)未初始化!
[ERR] [16:17:51.434] 供料料盘夹紧(1/DMC3800(0)) 对应板卡DMC3800(0)未初始化!
[ERR] [16:17:51.434] 红色塔灯(8/DMC3800(0)) 对应板卡DMC3800(0)未初始化!
[ERR] [16:17:51.434] 蜂鸣器(8/DMC3800(0)) 对应板卡DMC3800(0)未初始化!
[ERR] [16:17:51.434] 相机2触发(13/DMC3800(0)) 对应板卡DMC3800(0)未初始化!
[ERR] [16:17:51.434] 下相机触发(15/DMC3800(0)) 对应板卡DMC3800(0)未初始化!
[ERR] [16:17:51.434] 相机1触发(14/DMC3800(0)) 对应板卡DMC3800(0)未初始化!
[ERR] [16:17:51.434] OK料盘夹紧(2/DMC3800(0)) 对应板卡DMC3800(0)未初始化!
[ERR] [16:17:51.434] NG料盘夹紧(3/DMC3800(0)) 对应板卡DMC3800(0)未初始化!
[ERR] [16:18:17.310] 急停键（上料）(0/DMC3800(0)) 对应板卡DMC3800(0)未初始化!
[ERR] [16:18:17.310] 上料Z轴复位完成(1/DMC3800(0)) 对应板卡DMC3800(0)未初始化!
[ERR] [16:18:17.310] 上料吸头真空感应1(11/DMC3800(0)) 对应板卡DMC3800(0)未初始化!
[ERR] [16:18:17.310] 上料吸头真空感应2(12/DMC3800(0)) 对应板卡DMC3800(0)未初始化!
[ERR] [16:18:17.310] 供料盘夹紧感应(6/DMC3800(0)) 对应板卡DMC3800(0)未初始化!
[ERR] [16:18:17.310] 开始键(2/DMC3800(0)) 对应板卡DMC3800(0)未初始化!
[ERR] [16:18:17.310] 停止键(4/DMC3800(0)) 对应板卡DMC3800(0)未初始化!
[ERR] [16:18:17.310] 复位键(3/DMC3800(0)) 对应板卡DMC3800(0)未初始化!
[ERR] [16:18:17.310] OK料盘夹紧感应(8/DMC3800(0)) 对应板卡DMC3800(0)未初始化!
[ERR] [16:18:17.310] NG料盘夹紧感应(10/DMC3800(0)) 对应板卡DMC3800(0)未初始化!
[ERR] [16:18:17.310] 供料仓有料感应(13/DMC3800(0)) 对应板卡DMC3800(0)未初始化!
[ERR] [16:18:17.310] OK料仓有料感应(14/DMC3800(0)) 对应板卡DMC3800(0)未初始化!
[ERR] [16:18:17.310] NG料仓有料感应(15/DMC3800(0)) 对应板卡DMC3800(0)未初始化!
